<?xml version="1.0" encoding="UTF-8"?>
<!-- Generated by org.testng.reporters.JUnitReportReporter -->
<testsuite hostname="ITFD234ER" failures="0" tests="3" name="runner.TestRunner" time="46.875" errors="0" timestamp="2022-09-24T18:58:06 EET" skipped="0">
  <testcase classname="runner.TestRunner" name="runScenario" time="3.788"/>
  <system-out/>
  <testcase classname="runner.TestRunner" name="runScenario" time="5.490"/>
  <system-out/>
  <testcase classname="runner.TestRunner" name="runScenario" time="37.597"/>
  <system-out/>
</testsuite> <!-- runner.TestRunner -->
