<?xml version="1.0" encoding="UTF-8"?>
<!-- Generated by org.testng.reporters.JUnitReportReporter -->
<testsuite hostname="ITFD234ER" failures="0" tests="1" name="tests.SearchProductUsingAutoSuggestTest" time="0.042" errors="0" timestamp="23 Sep 2022 23:04:44 GMT" skipped="0">
  <testcase classname="tests.SearchProductUsingAutoSuggestTest" name="UserCanSearchWithAutoSuggest" time="0.042"/>
</testsuite> <!-- tests.SearchProductUsingAutoSuggestTest -->
